Base path: C:/Program Files (x86)/Unity/Editor/Data
Pipe name: \\.\pipe\UnityShaderCompiler-1-5832
Cmd: getPlatforms
Cmd: preprocess
  insize=2386 outsize=1259 ok=1
Cmd: compileSnippet
  api=4 type=0 insize=1317 outsize=2103 kw= ok=1
Cmd: compileSnippet
  api=4 type=1 insize=1317 outsize=1583 kw= ok=1
Cmd: preprocess
  insize=1808 outsize=713 ok=1
Cmd: compileSnippet
  api=4 type=0 insize=1353 outsize=1664 kw= ok=1
Cmd: compileSnippet
  api=4 type=1 insize=1353 outsize=1242 kw= ok=1
Cmd: preprocess
  insize=1041 outsize=464 ok=1
Cmd: compileSnippet
  api=4 type=0 insize=848 outsize=1128 kw= ok=1
Cmd: compileSnippet
  api=4 type=1 insize=848 outsize=778 kw= ok=1
Cmd: preprocess
  insize=1865 outsize=758 ok=1
Cmd: compileSnippet
  api=4 type=0 insize=1370 outsize=1168 kw= ok=1
Cmd: compileSnippet
  api=4 type=1 insize=1370 outsize=900 kw= ok=1
Cmd: preprocess
  insize=990 outsize=390 ok=1
Cmd: compileSnippet
  api=4 type=0 insize=871 outsize=1412 kw= ok=1
Cmd: compileSnippet
  api=4 type=1 insize=871 outsize=543 kw= ok=1
